\BOOKMARK [0][-]{chapter.1}{\376\377\000P\000r\000e\000f\000a\000c\000e}{}% 1
\BOOKMARK [0][-]{chapter.2}{\376\377\000A\000b\000s\000t\000r\000a\000c\000t}{}% 2
\BOOKMARK [0][-]{chapter.3}{\376\377\000I\000n\000t\000r\000o\000d\000u\000c\000t\000i\000o\000n}{}% 3
\BOOKMARK [0][-]{chapter.4}{\376\377\000R\000e\000l\000a\000t\000e\000d\000\040\000W\000o\000r\000k}{}% 4
\BOOKMARK [0][-]{chapter.5}{\376\377\000M\000e\000t\000h\000o\000d}{}% 5
\BOOKMARK [0][-]{chapter.6}{\376\377\000E\000x\000c\000a\000v\000a\000t\000o\000r\000\040\000S\000e\000t\000u\000p}{}% 6
\BOOKMARK [0][-]{chapter.7}{\376\377\000D\000a\000t\000a\000\040\000T\000r\000a\000n\000s\000f\000e\000r}{}% 7
\BOOKMARK [1][-]{section.7.1}{\376\377\000M\000u\000l\000t\000i\000p\000l\000a\000y\000e\000r\000\040\000C\000o\000n\000n\000e\000c\000t\000i\000o\000n}{chapter.7}% 8
\BOOKMARK [2][-]{subsection.7.1.1}{\376\377\000C\000o\000n\000n\000e\000c\000t\000i\000o\000n\000\040\000C\000h\000a\000l\000l\000e\000n\000g\000e}{section.7.1}% 9
\BOOKMARK [1][-]{section.7.2}{\376\377\000S\000t\000a\000t\000e\000\040\000S\000h\000a\000r\000i\000n\000g}{chapter.7}% 10
\BOOKMARK [0][-]{chapter.8}{\376\377\000C\000o\000l\000o\000c\000a\000l\000i\000z\000a\000t\000i\000o\000n}{}% 11
\BOOKMARK [1][-]{section.8.1}{\376\377\000A\000z\000u\000r\000e\000\040\000S\000p\000a\000t\000i\000a\000l\000\040\000A\000n\000c\000h\000o\000r\000s}{chapter.8}% 12
\BOOKMARK [1][-]{section.8.2}{\376\377\000C\000o\000l\000o\000c\000a\000l\000i\000z\000a\000t\000i\000o\000n\000\040\000T\000e\000s\000t\000i\000n\000g}{chapter.8}% 13
\BOOKMARK [2][-]{subsection.8.2.1}{\376\377\000T\000e\000s\000t\000i\000n\000g\000:\000\040\000M\000e\000a\000d\000o\000w\000\040\000E\000n\000v\000i\000r\000o\000n\000m\000e\000n\000t}{section.8.2}% 14
\BOOKMARK [2][-]{subsection.8.2.2}{\376\377\000T\000e\000s\000t\000i\000n\000g\000:\000\040\000P\000a\000r\000k\000i\000n\000g\000\040\000L\000o\000t\000\040\000E\000n\000v\000i\000r\000o\000n\000m\000e\000n\000t}{section.8.2}% 15
\BOOKMARK [2][-]{subsection.8.2.3}{\376\377\000R\000o\000b\000u\000s\000t\000n\000e\000s\000s}{section.8.2}% 16
\BOOKMARK [2][-]{subsection.8.2.4}{\376\377\000T\000e\000s\000t\000i\000n\000g\000\040\000C\000o\000n\000c\000l\000u\000s\000i\000o\000n}{section.8.2}% 17
\BOOKMARK [1][-]{section.8.3}{\376\377\000A\000l\000t\000e\000r\000n\000a\000t\000i\000v\000e\000\040\000L\000o\000c\000a\000t\000i\000o\000n\000\040\000S\000h\000a\000r\000i\000n\000g}{chapter.8}% 18
\BOOKMARK [0][-]{chapter.9}{\376\377\000C\000o\000n\000c\000l\000u\000s\000i\000o\000n}{}% 19
\BOOKMARK [1][-]{section.9.1}{\376\377\000D\000a\000t\000a\000\040\000T\000r\000a\000n\000s\000f\000e\000r}{chapter.9}% 20
\BOOKMARK [2][-]{subsection.9.1.1}{\376\377\000C\000h\000e\000c\000k\000s\000u\000m\000\040\000I\000n\000e\000q\000u\000a\000l\000i\000t\000y}{section.9.1}% 21
\BOOKMARK [2][-]{subsection.9.1.2}{\376\377\000U\000n\000r\000e\000l\000i\000a\000b\000l\000e\000\040\000L\000o\000c\000a\000l\000\040\000C\000o\000n\000n\000e\000c\000t\000i\000o\000n}{section.9.1}% 22
\BOOKMARK [1][-]{section.9.2}{\376\377\000C\000o\000l\000o\000c\000a\000l\000i\000z\000a\000t\000i\000o\000n}{chapter.9}% 23
\BOOKMARK [1][-]{section.9.3}{\376\377\000O\000u\000t\000l\000o\000o\000k}{chapter.9}% 24
\BOOKMARK [0][-]{chapter*.10}{\376\377\000B\000i\000b\000l\000i\000o\000g\000r\000a\000p\000h\000y}{}% 25
\BOOKMARK [0][-]{appendix.A}{\376\377\000A\000d\000d\000i\000t\000i\000o\000n\000a\000l\000\040\000I\000m\000a\000g\000e\000s}{}% 26
\BOOKMARK [1][-]{section.A.1}{\376\377\000C\000o\000l\000o\000c\000a\000l\000i\000z\000a\000t\000i\000o\000n\000\040\000T\000e\000s\000t\000i\000n\000g}{appendix.A}% 27
\BOOKMARK [2][-]{subsection.A.1.1}{\376\377\000A\000m\000b\000i\000e\000n\000t\000\040\000C\000h\000a\000n\000g\000e\000s}{section.A.1}% 28
\BOOKMARK [2][-]{subsection.A.1.2}{\376\377\000R\000e\000p\000e\000a\000t\000a\000b\000i\000l\000i\000t\000y}{section.A.1}% 29
